{
  "0 debug pnpm:scope": {
    "selected": 1
  },
  "1 debug pnpm:package-manifest": {
    "initial": {
      "name": "match-game",
      "private": true,
      "version": "1.0.0",
      "engines": {
        "node": "^10.13 || 12 || 14 || 15",
        "npm": ">=6"
      },
      "dependencies": {
        "@testing-library/jest-dom": "5.11.9",
        "@testing-library/react": "11.2.5",
        "@testing-library/user-event": "12.6.2",
        "chalk": "4.1.0",
        "react": "17.0.1",
        "react-dom": "17.0.1"
      },
      "devDependencies": {
        "eslint-config-airbnb": "18.2.1",
        "eslint-config-prettier": "8.1.0",
        "eslint-plugin-prettier": "3.3.1",
        "husky": "4.3.8",
        "lint-staged": "10.5.4",
        "npm-run-all": "4.1.5",
        "prettier": "2.2.1",
        "react-scripts": "4.0.3"
      },
      "scripts": {
        "start": "react-scripts start",
        "build": "react-scripts build",
        "test": "react-scripts test",
        "lint": "eslint .",
        "lint:fix": "eslint --fix src/",
        "format": "prettier --write \"./src\"",
        "run-all": "npm-run-all --parallel test lint:fix"
      },
      "lint-staged": {
        "*.js": [
          "npm run lint:fix"
        ],
        "*.{js, jsx, json, html, css}": [
          "npm run format"
        ]
      },
      "husky": {
        "hooks": {
          "pre-commit": "lint-staged"
        }
      },
      "jest": {
        "collectCoverageFrom": [
          "src/**/*.js"
        ]
      },
      "browserslist": {
        "development": [
          "last 2 chrome versions",
          "last 2 firefox versions",
          "last 2 edge versions"
        ],
        "production": [
          ">1%",
          "last 4 versions",
          "Firefox ESR",
          "not ie < 11"
        ]
      }
    },
    "prefix": "/home/workspace/reactjs/coding-practices/matchGame"
  },
  "2 debug pnpm:context": {
    "currentLockfileExists": false,
    "storeDir": "/home/workspace/.pnpm-store/v3",
    "virtualStoreDir": "/home/workspace/reactjs/coding-practices/matchGame/node_modules/.pnpm"
  },
  "3 debug pnpm:stage": {
    "prefix": "/home/workspace/reactjs/coding-practices/matchGame",
    "stage": "resolution_started"
  },
  "4 debug pnpm:request-retry": {
    "attempt": 1,
    "error": {
      "type": "system",
      "errno": "ENOTFOUND",
      "code": "ENOTFOUND",
      "erroredSysCall": "getaddrinfo"
    },
    "maxRetries": 2,
    "method": "GET",
    "timeout": 10000,
    "url": "https://registry.npmjs.org/eslint-plugin-prettier"
  },
  "5 debug pnpm:request-retry": {
    "attempt": 1,
    "error": {
      "type": "system",
      "errno": "ENOTFOUND",
      "code": "ENOTFOUND",
      "erroredSysCall": "getaddrinfo"
    },
    "maxRetries": 2,
    "method": "GET",
    "timeout": 10000,
    "url": "https://registry.npmjs.org/eslint-config-airbnb"
  },
  "6 debug pnpm:request-retry": {
    "attempt": 1,
    "error": {
      "type": "system",
      "errno": "ENOTFOUND",
      "code": "ENOTFOUND",
      "erroredSysCall": "getaddrinfo"
    },
    "maxRetries": 2,
    "method": "GET",
    "timeout": 10000,
    "url": "https://registry.npmjs.org/prettier"
  },
  "7 debug pnpm:request-retry": {
    "attempt": 1,
    "error": {
      "type": "system",
      "errno": "ENOTFOUND",
      "code": "ENOTFOUND",
      "erroredSysCall": "getaddrinfo"
    },
    "maxRetries": 2,
    "method": "GET",
    "timeout": 10000,
    "url": "https://registry.npmjs.org/npm-run-all"
  },
  "8 debug pnpm:request-retry": {
    "attempt": 1,
    "error": {
      "type": "system",
      "errno": "ENOTFOUND",
      "code": "ENOTFOUND",
      "erroredSysCall": "getaddrinfo"
    },
    "maxRetries": 2,
    "method": "GET",
    "timeout": 10000,
    "url": "https://registry.npmjs.org/husky"
  },
  "9 debug pnpm:request-retry": {
    "attempt": 1,
    "error": {
      "type": "system",
      "errno": "ENOTFOUND",
      "code": "ENOTFOUND",
      "erroredSysCall": "getaddrinfo"
    },
    "maxRetries": 2,
    "method": "GET",
    "timeout": 10000,
    "url": "https://registry.npmjs.org/react-scripts"
  },
  "10 debug pnpm:request-retry": {
    "attempt": 1,
    "error": {
      "type": "system",
      "errno": "ENOTFOUND",
      "code": "ENOTFOUND",
      "erroredSysCall": "getaddrinfo"
    },
    "maxRetries": 2,
    "method": "GET",
    "timeout": 10000,
    "url": "https://registry.npmjs.org/@testing-library%2Fjest-dom"
  },
  "11 debug pnpm:request-retry": {
    "attempt": 1,
    "error": {
      "type": "system",
      "errno": "ENOTFOUND",
      "code": "ENOTFOUND",
      "erroredSysCall": "getaddrinfo"
    },
    "maxRetries": 2,
    "method": "GET",
    "timeout": 10000,
    "url": "https://registry.npmjs.org/@testing-library%2Freact"
  },
  "12 debug pnpm:request-retry": {
    "attempt": 1,
    "error": {
      "type": "system",
      "errno": "ENOTFOUND",
      "code": "ENOTFOUND",
      "erroredSysCall": "getaddrinfo"
    },
    "maxRetries": 2,
    "method": "GET",
    "timeout": 10000,
    "url": "https://registry.npmjs.org/@testing-library%2Fuser-event"
  },
  "13 debug pnpm:request-retry": {
    "attempt": 1,
    "error": {
      "type": "system",
      "errno": "ENOTFOUND",
      "code": "ENOTFOUND",
      "erroredSysCall": "getaddrinfo"
    },
    "maxRetries": 2,
    "method": "GET",
    "timeout": 10000,
    "url": "https://registry.npmjs.org/chalk"
  },
  "14 debug pnpm:request-retry": {
    "attempt": 1,
    "error": {
      "type": "system",
      "errno": "ENOTFOUND",
      "code": "ENOTFOUND",
      "erroredSysCall": "getaddrinfo"
    },
    "maxRetries": 2,
    "method": "GET",
    "timeout": 10000,
    "url": "https://registry.npmjs.org/react"
  },
  "15 debug pnpm:request-retry": {
    "attempt": 1,
    "error": {
      "type": "system",
      "errno": "ENOTFOUND",
      "code": "ENOTFOUND",
      "erroredSysCall": "getaddrinfo"
    },
    "maxRetries": 2,
    "method": "GET",
    "timeout": 10000,
    "url": "https://registry.npmjs.org/react-dom"
  },
  "16 debug pnpm:request-retry": {
    "attempt": 1,
    "error": {
      "type": "system",
      "errno": "ENOTFOUND",
      "code": "ENOTFOUND",
      "erroredSysCall": "getaddrinfo"
    },
    "maxRetries": 2,
    "method": "GET",
    "timeout": 10000,
    "url": "https://registry.npmjs.org/lint-staged"
  },
  "17 debug pnpm:request-retry": {
    "attempt": 1,
    "error": {
      "type": "system",
      "errno": "ENOTFOUND",
      "code": "ENOTFOUND",
      "erroredSysCall": "getaddrinfo"
    },
    "maxRetries": 2,
    "method": "GET",
    "timeout": 10000,
    "url": "https://registry.npmjs.org/eslint-config-prettier"
  },
  "18 debug pnpm:request-retry": {
    "attempt": 2,
    "error": {
      "type": "system",
      "errno": "EAI_AGAIN",
      "code": "EAI_AGAIN",
      "erroredSysCall": "getaddrinfo"
    },
    "maxRetries": 2,
    "method": "GET",
    "timeout": 60000,
    "url": "https://registry.npmjs.org/eslint-plugin-prettier"
  },
  "19 debug pnpm:request-retry": {
    "attempt": 2,
    "error": {
      "type": "system",
      "errno": "EAI_AGAIN",
      "code": "EAI_AGAIN",
      "erroredSysCall": "getaddrinfo"
    },
    "maxRetries": 2,
    "method": "GET",
    "timeout": 60000,
    "url": "https://registry.npmjs.org/eslint-config-airbnb"
  },
  "20 debug pnpm:request-retry": {
    "attempt": 2,
    "error": {
      "type": "system",
      "errno": "ENOTFOUND",
      "code": "ENOTFOUND",
      "erroredSysCall": "getaddrinfo"
    },
    "maxRetries": 2,
    "method": "GET",
    "timeout": 60000,
    "url": "https://registry.npmjs.org/npm-run-all"
  },
  "21 debug pnpm:request-retry": {
    "attempt": 2,
    "error": {
      "type": "system",
      "errno": "ENOTFOUND",
      "code": "ENOTFOUND",
      "erroredSysCall": "getaddrinfo"
    },
    "maxRetries": 2,
    "method": "GET",
    "timeout": 60000,
    "url": "https://registry.npmjs.org/prettier"
  },
  "22 debug pnpm:request-retry": {
    "attempt": 2,
    "error": {
      "type": "system",
      "errno": "ENOTFOUND",
      "code": "ENOTFOUND",
      "erroredSysCall": "getaddrinfo"
    },
    "maxRetries": 2,
    "method": "GET",
    "timeout": 60000,
    "url": "https://registry.npmjs.org/husky"
  },
  "23 debug pnpm:request-retry": {
    "attempt": 2,
    "error": {
      "type": "system",
      "errno": "ENOTFOUND",
      "code": "ENOTFOUND",
      "erroredSysCall": "getaddrinfo"
    },
    "maxRetries": 2,
    "method": "GET",
    "timeout": 60000,
    "url": "https://registry.npmjs.org/react-scripts"
  },
  "24 debug pnpm:request-retry": {
    "attempt": 2,
    "error": {
      "type": "system",
      "errno": "ENOTFOUND",
      "code": "ENOTFOUND",
      "erroredSysCall": "getaddrinfo"
    },
    "maxRetries": 2,
    "method": "GET",
    "timeout": 60000,
    "url": "https://registry.npmjs.org/@testing-library%2Fjest-dom"
  },
  "25 debug pnpm:request-retry": {
    "attempt": 2,
    "error": {
      "type": "system",
      "errno": "ENOTFOUND",
      "code": "ENOTFOUND",
      "erroredSysCall": "getaddrinfo"
    },
    "maxRetries": 2,
    "method": "GET",
    "timeout": 60000,
    "url": "https://registry.npmjs.org/@testing-library%2Freact"
  },
  "26 debug pnpm:request-retry": {
    "attempt": 2,
    "error": {
      "type": "system",
      "errno": "ENOTFOUND",
      "code": "ENOTFOUND",
      "erroredSysCall": "getaddrinfo"
    },
    "maxRetries": 2,
    "method": "GET",
    "timeout": 60000,
    "url": "https://registry.npmjs.org/chalk"
  },
  "27 debug pnpm:request-retry": {
    "attempt": 2,
    "error": {
      "type": "system",
      "errno": "ENOTFOUND",
      "code": "ENOTFOUND",
      "erroredSysCall": "getaddrinfo"
    },
    "maxRetries": 2,
    "method": "GET",
    "timeout": 60000,
    "url": "https://registry.npmjs.org/@testing-library%2Fuser-event"
  },
  "28 debug pnpm:request-retry": {
    "attempt": 2,
    "error": {
      "type": "system",
      "errno": "ENOTFOUND",
      "code": "ENOTFOUND",
      "erroredSysCall": "getaddrinfo"
    },
    "maxRetries": 2,
    "method": "GET",
    "timeout": 60000,
    "url": "https://registry.npmjs.org/react-dom"
  },
  "29 debug pnpm:request-retry": {
    "attempt": 2,
    "error": {
      "type": "system",
      "errno": "ENOTFOUND",
      "code": "ENOTFOUND",
      "erroredSysCall": "getaddrinfo"
    },
    "maxRetries": 2,
    "method": "GET",
    "timeout": 60000,
    "url": "https://registry.npmjs.org/react"
  },
  "30 debug pnpm:request-retry": {
    "attempt": 2,
    "error": {
      "type": "system",
      "errno": "ENOTFOUND",
      "code": "ENOTFOUND",
      "erroredSysCall": "getaddrinfo"
    },
    "maxRetries": 2,
    "method": "GET",
    "timeout": 60000,
    "url": "https://registry.npmjs.org/eslint-config-prettier"
  },
  "31 debug pnpm:request-retry": {
    "attempt": 2,
    "error": {
      "type": "system",
      "errno": "ENOTFOUND",
      "code": "ENOTFOUND",
      "erroredSysCall": "getaddrinfo"
    },
    "maxRetries": 2,
    "method": "GET",
    "timeout": 60000,
    "url": "https://registry.npmjs.org/lint-staged"
  },
  "32 error pnpm": {
    "code": "ERR_PNPM_META_FETCH_FAIL",
    "attempts": 1,
    "pkgsStack": [],
    "err": {
      "name": "pnpm",
      "message": "GET https://registry.npmjs.org/eslint-config-airbnb: request to https://registry.npmjs.org/eslint-config-airbnb failed, reason: getaddrinfo EAI_AGAIN registry.npmjs.org",
      "code": "ERR_PNPM_META_FETCH_FAIL",
      "stack": "pnpm: GET https://registry.npmjs.org/eslint-config-airbnb: request to https://registry.npmjs.org/eslint-config-airbnb failed, reason: getaddrinfo EAI_AGAIN registry.npmjs.org\n    at RetryOperation._fn (/usr/local/lib/node_modules/pnpm/dist/pnpm.cjs:85807:19)\n    at processTicksAndRejections (internal/process/task_queues.js:95:5)"
    }
  }
}